{
  "RSpec": {
    "coverage": {
      "/app/app/models/user.rb": {
        "lines": [
          null,
          null,
          null,
          null,
          null,
          null,
          null,
          null,
          null,
          null,
          null,
          null,
          null,
          null,
          null,
          1,
          1,
          null,
          1,
          1,
          null
        ]
      },
      "/app/app/models/application_record.rb": {
        "lines": [
          1,
          1,
          null
        ]
      },
      "/app/app/controllers/users_controller.rb": {
        "lines": [
          1,
          null,
          1,
          5,
          null,
          5,
          null,
          null,
          1,
          3,
          null,
          null,
          1,
          6,
          null,
          6,
          null,
          6,
          4,
          null,
          2,
          null,
          null,
          null,
          1,
          5,
          null,
          5,
          null,
          5,
          3,
          null,
          2,
          null,
          null,
          null,
          1,
          5,
          null,
          5,
          null,
          5,
          3,
          null,
          2,
          null,
          null,
          null,
          1,
          null,
          1,
          5,
          null,
          null,
          1,
          11,
          null,
          null
        ]
      },
      "/app/app/controllers/application_controller.rb": {
        "lines": [
          1,
          null
        ]
      },
      "/app/app/searchers/user_searcher.rb": {
        "lines": [
          1,
          1,
          1,
          null,
          1,
          null,
          1,
          1,
          null,
          1,
          35,
          35,
          null,
          35,
          35,
          null,
          35,
          35,
          null,
          35,
          null,
          35,
          null,
          null,
          1,
          35,
          35,
          null,
          35,
          18,
          null,
          216,
          18,
          51,
          null,
          17,
          17,
          null,
          null,
          35,
          35,
          null,
          105,
          35,
          null,
          35,
          null,
          null
        ]
      },
      "/app/app/services/user_service.rb": {
        "lines": [
          1,
          1,
          null,
          1,
          12,
          null,
          12,
          12,
          12,
          null,
          null,
          1,
          4,
          null,
          null,
          1,
          6,
          null,
          6,
          null,
          null,
          1,
          4,
          null,
          4,
          null,
          4,
          null,
          null,
          1,
          2,
          null,
          2,
          null,
          2,
          null,
          null,
          1,
          null,
          1,
          10,
          4,
          4,
          null,
          6,
          6,
          null,
          null,
          null
        ]
      }
    },
    "timestamp": 1690809430
  }
}
