{
  "RSpec": {
    "coverage": {
      "/app/app/models/user.rb": {
        "lines": [
          null,
          null,
          null,
          null,
          null,
          null,
          null,
          null,
          null,
          null,
          null,
          null,
          null,
          null,
          null,
          1,
          1,
          null,
          1,
          1,
          null
        ]
      },
      "/app/app/models/application_record.rb": {
        "lines": [
          1,
          1,
          null
        ]
      },
      "/app/app/controllers/users_controller.rb": {
        "lines": [
          1,
          null,
          1,
          5,
          null,
          5,
          null,
          null,
          1,
          3,
          null,
          null,
          1,
          6,
          null,
          6,
          null,
          6,
          4,
          null,
          2,
          null,
          null,
          null,
          1,
          5,
          null,
          5,
          null,
          5,
          3,
          null,
          2,
          null,
          null,
          null,
          1,
          5,
          null,
          5,
          null,
          5,
          3,
          null,
          2,
          null,
          null,
          null,
          1,
          null,
          1,
          5,
          null,
          null,
          1,
          11,
          null,
          null
        ]
      },
      "/app/app/controllers/application_controller.rb": {
        "lines": [
          1,
          null
        ]
      },
      "/app/app/searchers/user_searcher.rb": {
        "lines": [
          1,
          1,
          1,
          null,
          1,
          null,
          1,
          1,
          null,
          1,
          40,
          40,
          null,
          40,
          40,
          null,
          40,
          40,
          null,
          40,
          null,
          40,
          null,
          null,
          1,
          40,
          40,
          null,
          40,
          23,
          null,
          276,
          23,
          67,
          null,
          17,
          17,
          null,
          null,
          40,
          40,
          null,
          120,
          40,
          null,
          40,
          null,
          null
        ]
      },
      "/app/app/services/user_service.rb": {
        "lines": [
          1,
          1,
          null,
          1,
          12,
          null,
          12,
          12,
          12,
          null,
          null,
          1,
          4,
          null,
          null,
          1,
          6,
          null,
          6,
          null,
          null,
          1,
          4,
          null,
          4,
          null,
          4,
          null,
          null,
          1,
          2,
          null,
          2,
          null,
          2,
          null,
          null,
          1,
          null,
          1,
          10,
          4,
          4,
          null,
          6,
          6,
          null,
          null,
          null
        ]
      }
    },
    "timestamp": 1690810850
  }
}
